c:\repos\fantasyrealm\c++\fantasyrealm\fantasyrealm\debug\fantasyrealm.pch
c:\repos\fantasyrealm\c++\fantasyrealm\fantasyrealm\debug\vc141.pdb
c:\repos\fantasyrealm\c++\fantasyrealm\fantasyrealm\debug\vc141.idb
c:\repos\fantasyrealm\c++\fantasyrealm\fantasyrealm\debug\pch.obj
c:\repos\fantasyrealm\c++\fantasyrealm\fantasyrealm\debug\realm.obj
c:\repos\fantasyrealm\c++\fantasyrealm\fantasyrealm\debug\place.obj
c:\repos\fantasyrealm\c++\fantasyrealm\fantasyrealm\debug\fantasy.obj
c:\repos\fantasyrealm\c++\fantasyrealm\debug\fantasyrealm.pdb
c:\repos\fantasyrealm\c++\fantasyrealm\fantasyrealm\debug\fantasyrealm.tlog\cl.command.1.tlog
c:\repos\fantasyrealm\c++\fantasyrealm\fantasyrealm\debug\fantasyrealm.tlog\cl.read.1.tlog
c:\repos\fantasyrealm\c++\fantasyrealm\fantasyrealm\debug\fantasyrealm.tlog\cl.write.1.tlog
c:\repos\fantasyrealm\c++\fantasyrealm\fantasyrealm\debug\fantasyrealm.tlog\link-cvtres.read.1.tlog
c:\repos\fantasyrealm\c++\fantasyrealm\fantasyrealm\debug\fantasyrealm.tlog\link-cvtres.write.1.tlog
c:\repos\fantasyrealm\c++\fantasyrealm\fantasyrealm\debug\fantasyrealm.tlog\link-rc.read.1.tlog
c:\repos\fantasyrealm\c++\fantasyrealm\fantasyrealm\debug\fantasyrealm.tlog\link-rc.write.1.tlog
c:\repos\fantasyrealm\c++\fantasyrealm\fantasyrealm\debug\fantasyrealm.tlog\link.16672-cvtres.read.1.tlog
c:\repos\fantasyrealm\c++\fantasyrealm\fantasyrealm\debug\fantasyrealm.tlog\link.16672-cvtres.write.1.tlog
c:\repos\fantasyrealm\c++\fantasyrealm\fantasyrealm\debug\fantasyrealm.tlog\link.16672-rc.read.1.tlog
c:\repos\fantasyrealm\c++\fantasyrealm\fantasyrealm\debug\fantasyrealm.tlog\link.16672-rc.write.1.tlog
c:\repos\fantasyrealm\c++\fantasyrealm\fantasyrealm\debug\fantasyrealm.tlog\link.16672.read.1.tlog
c:\repos\fantasyrealm\c++\fantasyrealm\fantasyrealm\debug\fantasyrealm.tlog\link.16672.write.1.tlog
c:\repos\fantasyrealm\c++\fantasyrealm\fantasyrealm\debug\fantasyrealm.tlog\link.command.1.tlog
c:\repos\fantasyrealm\c++\fantasyrealm\fantasyrealm\debug\fantasyrealm.tlog\link.read.1.tlog
c:\repos\fantasyrealm\c++\fantasyrealm\fantasyrealm\debug\fantasyrealm.tlog\link.write.1.tlog
