c:\repos\fantasyrealm\c++\fantasyrealm\fantasyrealm\release\fantasyrealm.pch
c:\repos\fantasyrealm\c++\fantasyrealm\fantasyrealm\release\vc141.pdb
c:\repos\fantasyrealm\c++\fantasyrealm\fantasyrealm\release\pch.obj
c:\repos\fantasyrealm\c++\fantasyrealm\fantasyrealm\release\realm.obj
c:\repos\fantasyrealm\c++\fantasyrealm\fantasyrealm\release\place.obj
c:\repos\fantasyrealm\c++\fantasyrealm\fantasyrealm\release\name.obj
c:\repos\fantasyrealm\c++\fantasyrealm\fantasyrealm\release\monster.obj
c:\repos\fantasyrealm\c++\fantasyrealm\fantasyrealm\release\fantasy.obj
c:\repos\fantasyrealm\c++\fantasyrealm\fantasyrealm\release\action.obj
c:\repos\fantasyrealm\c++\fantasyrealm\release\fantasyrealm.ipdb
c:\repos\fantasyrealm\c++\fantasyrealm\release\fantasyrealm.iobj
c:\repos\fantasyrealm\c++\fantasyrealm\release\fantasyrealm.exe
c:\repos\fantasyrealm\c++\fantasyrealm\release\fantasyrealm.pdb
c:\repos\fantasyrealm\c++\fantasyrealm\fantasyrealm\release\fantasyrealm.tlog\cl.command.1.tlog
c:\repos\fantasyrealm\c++\fantasyrealm\fantasyrealm\release\fantasyrealm.tlog\cl.read.1.tlog
c:\repos\fantasyrealm\c++\fantasyrealm\fantasyrealm\release\fantasyrealm.tlog\cl.write.1.tlog
c:\repos\fantasyrealm\c++\fantasyrealm\fantasyrealm\release\fantasyrealm.tlog\fantasyrealm.write.1u.tlog
c:\repos\fantasyrealm\c++\fantasyrealm\fantasyrealm\release\fantasyrealm.tlog\link.command.1.tlog
c:\repos\fantasyrealm\c++\fantasyrealm\fantasyrealm\release\fantasyrealm.tlog\link.read.1.tlog
c:\repos\fantasyrealm\c++\fantasyrealm\fantasyrealm\release\fantasyrealm.tlog\link.write.1.tlog
