  ability.cpp
c:\repos\fantasyrealm\c++\fantasyrealm\fantasyrealm\names.h(15): warning C4091: 'static ': ignored on left of 'names::rolesList' when no variable is declared
  action.cpp
  prime.cpp
  tunneling.cpp
  battle.cpp
  fantasy.cpp
c:\repos\fantasyrealm\c++\fantasyrealm\fantasyrealm\realm.h(17): warning C4091: 'static ': ignored on left of 'realm::realmType' when no variable is declared
c:\repos\fantasyrealm\c++\fantasyrealm\fantasyrealm\fantasy.h(27): warning C4091: 'static ': ignored on left of 'fantasy::key' when no variable is declared
c:\repos\fantasyrealm\c++\fantasyrealm\fantasyrealm\names.h(15): warning C4091: 'static ': ignored on left of 'names::rolesList' when no variable is declared
c:\repos\fantasyrealm\c++\fantasyrealm\fantasyrealm\fantasy.cpp(934): warning C4244: 'initializing': conversion from 'double' to 'float', possible loss of data
c:\repos\fantasyrealm\c++\fantasyrealm\fantasyrealm\fantasy.cpp(940): warning C4244: '=': conversion from 'double' to 'int', possible loss of data
c:\repos\fantasyrealm\c++\fantasyrealm\fantasyrealm\fantasy.cpp(941): warning C4244: 'argument': conversion from 'int' to 'const _Ty', possible loss of data
          with
          [
              _Ty=float
          ]
c:\repos\fantasyrealm\c++\fantasyrealm\fantasyrealm\fantasy.cpp(943): warning C4244: '=': conversion from 'int' to 'float', possible loss of data
c:\repos\fantasyrealm\c++\fantasyrealm\fantasyrealm\fantasy.cpp(956): warning C4244: '=': conversion from 'double' to 'int', possible loss of data
c:\repos\fantasyrealm\c++\fantasyrealm\fantasyrealm\fantasy.cpp(1012): warning C4018: '>': signed/unsigned mismatch
c:\repos\fantasyrealm\c++\fantasyrealm\fantasyrealm\fantasy.cpp(1048): warning C4018: '>': signed/unsigned mismatch
c:\repos\fantasyrealm\c++\fantasyrealm\fantasyrealm\fantasy.cpp(1139): warning C4018: '<': signed/unsigned mismatch
c:\repos\fantasyrealm\c++\fantasyrealm\fantasyrealm\fantasy.cpp(1207): warning C4018: '<': signed/unsigned mismatch
c:\repos\fantasyrealm\c++\fantasyrealm\fantasyrealm\fantasy.cpp(1240): warning C4018: '<': signed/unsigned mismatch
  item.cpp
  names.cpp
c:\repos\fantasyrealm\c++\fantasyrealm\fantasyrealm\names.h(15): warning C4091: 'static ': ignored on left of 'names::rolesList' when no variable is declared
  player.cpp
c:\repos\fantasyrealm\c++\fantasyrealm\fantasyrealm\names.h(15): warning C4091: 'static ': ignored on left of 'names::rolesList' when no variable is declared
  weapon.cpp
c:\repos\fantasyrealm\c++\fantasyrealm\fantasyrealm\names.h(15): warning C4091: 'static ': ignored on left of 'names::rolesList' when no variable is declared
  Generating code
  0 of 2301 functions ( 0.0%) were compiled, the rest were copied from previous compilation.
    0 functions were new in current compilation
    1 functions had inline decision re-evaluated but remain unchanged
  Finished generating code
  fantasyRealm.vcxproj -> C:\Repos\fantasyRealm\C++\fantasyRealm\Release\fantasyRealm.exe
